{"/Users/xifre/repos/sporttia-test/src/index.js": {"path":"/Users/xifre/repos/sporttia-test/src/index.js","statementMap":{"0":{"start":{"line":3,"column":0},"end":{"line":7,"column":1}},"1":{"start":{"line":4,"column":2},"end":{"line":4,"column":16}},"2":{"start":{"line":6,"column":2},"end":{"line":6,"column":18}}},"fnMap":{},"branchMap":{},"s":{"0":0,"1":0,"2":0},"f":{},"b":{}}
,"/Users/xifre/repos/sporttia-test/src/loadEnvironment.js": {"path":"/Users/xifre/repos/sporttia-test/src/loadEnvironment.js","statementMap":{"0":{"start":{"line":3,"column":0},"end":{"line":3,"column":16}}},"fnMap":{},"branchMap":{},"s":{"0":0},"f":{},"b":{}}
,"/Users/xifre/repos/sporttia-test/src/config/codes.js": {"path":"/Users/xifre/repos/sporttia-test/src/config/codes.js","statementMap":{"0":{"start":{"line":1,"column":14},"end":{"line":6,"column":1}}},"fnMap":{},"branchMap":{},"s":{"0":3},"f":{},"b":{},"_coverageSchema":"1a1c01bbd47fc00a2c39e90264f33305004495a9","hash":"93438acba1f12b5d68e7b2e8fb71e6e9eb26fad4"}
,"/Users/xifre/repos/sporttia-test/src/config/environment.js": {"path":"/Users/xifre/repos/sporttia-test/src/config/environment.js","statementMap":{"0":{"start":{"line":1,"column":20},"end":{"line":3,"column":1}}},"fnMap":{},"branchMap":{"0":{"loc":{"start":{"line":2,"column":8},"end":{"line":2,"column":33}},"type":"binary-expr","locations":[{"start":{"line":2,"column":8},"end":{"line":2,"column":25}},{"start":{"line":2,"column":29},"end":{"line":2,"column":33}}],"line":2}},"s":{"0":0},"f":{},"b":{"0":[0,0]}}
,"/Users/xifre/repos/sporttia-test/src/middlewares/endpointNotFound/endpointNotFound.js": {"path":"/Users/xifre/repos/sporttia-test/src/middlewares/endpointNotFound/endpointNotFound.js","statementMap":{"0":{"start":{"line":3,"column":25},"end":{"line":5,"column":1}},"1":{"start":{"line":4,"column":2},"end":{"line":4,"column":67}}},"fnMap":{"0":{"name":"(anonymous_0)","decl":{"start":{"line":3,"column":25},"end":{"line":3,"column":26}},"loc":{"start":{"line":3,"column":37},"end":{"line":5,"column":1}},"line":3}},"branchMap":{},"s":{"0":1,"1":2},"f":{"0":2},"b":{},"_coverageSchema":"1a1c01bbd47fc00a2c39e90264f33305004495a9","hash":"7f18f8427d9ce334011fc99b30f8fa245834b0e6"}
,"/Users/xifre/repos/sporttia-test/src/middlewares/generalError/generalError.js": {"path":"/Users/xifre/repos/sporttia-test/src/middlewares/generalError/generalError.js","statementMap":{"0":{"start":{"line":5,"column":14},"end":{"line":5,"column":51}},"1":{"start":{"line":7,"column":21},"end":{"line":14,"column":1}},"2":{"start":{"line":8,"column":20},"end":{"line":8,"column":59}},"3":{"start":{"line":9,"column":23},"end":{"line":9,"column":63}},"4":{"start":{"line":11,"column":2},"end":{"line":11,"column":41}},"5":{"start":{"line":13,"column":2},"end":{"line":13,"column":54}}},"fnMap":{"0":{"name":"(anonymous_0)","decl":{"start":{"line":7,"column":21},"end":{"line":7,"column":22}},"loc":{"start":{"line":7,"column":48},"end":{"line":14,"column":1}},"line":7}},"branchMap":{"0":{"loc":{"start":{"line":8,"column":20},"end":{"line":8,"column":59}},"type":"binary-expr","locations":[{"start":{"line":8,"column":20},"end":{"line":8,"column":30}},{"start":{"line":8,"column":34},"end":{"line":8,"column":59}}],"line":8},"1":{"loc":{"start":{"line":9,"column":23},"end":{"line":9,"column":63}},"type":"binary-expr","locations":[{"start":{"line":9,"column":23},"end":{"line":9,"column":36}},{"start":{"line":9,"column":40},"end":{"line":9,"column":63}}],"line":9}},"s":{"0":1,"1":1,"2":4,"3":4,"4":4,"5":4},"f":{"0":4},"b":{"0":[4,2],"1":[4,3]},"_coverageSchema":"1a1c01bbd47fc00a2c39e90264f33305004495a9","hash":"5cb1a5d3e457652445814ab4484e215cfefb4be3"}
,"/Users/xifre/repos/sporttia-test/src/server/startServer.js": {"path":"/Users/xifre/repos/sporttia-test/src/server/startServer.js","statementMap":{"0":{"start":{"line":7,"column":14},"end":{"line":7,"column":39}},"1":{"start":{"line":9,"column":17},"end":{"line":9,"column":28}},"2":{"start":{"line":11,"column":20},"end":{"line":19,"column":1}},"3":{"start":{"line":12,"column":17},"end":{"line":14,"column":4}},"4":{"start":{"line":13,"column":4},"end":{"line":13,"column":59}},"5":{"start":{"line":16,"column":2},"end":{"line":18,"column":5}},"6":{"start":{"line":17,"column":4},"end":{"line":17,"column":65}}},"fnMap":{"0":{"name":"(anonymous_0)","decl":{"start":{"line":11,"column":20},"end":{"line":11,"column":21}},"loc":{"start":{"line":11,"column":26},"end":{"line":19,"column":1}},"line":11},"1":{"name":"(anonymous_1)","decl":{"start":{"line":12,"column":34},"end":{"line":12,"column":35}},"loc":{"start":{"line":12,"column":40},"end":{"line":14,"column":3}},"line":12},"2":{"name":"(anonymous_2)","decl":{"start":{"line":16,"column":21},"end":{"line":16,"column":22}},"loc":{"start":{"line":16,"column":32},"end":{"line":18,"column":3}},"line":16}},"branchMap":{},"s":{"0":0,"1":0,"2":0,"3":0,"4":0,"5":0,"6":0},"f":{"0":0,"1":0,"2":0},"b":{}}
,"/Users/xifre/repos/sporttia-test/src/utils/CreateError/CreateError.js": {"path":"/Users/xifre/repos/sporttia-test/src/utils/CreateError/CreateError.js","statementMap":{"0":{"start":{"line":3,"column":20},"end":{"line":10,"column":1}},"1":{"start":{"line":4,"column":16},"end":{"line":4,"column":40}},"2":{"start":{"line":6,"column":2},"end":{"line":6,"column":49}},"3":{"start":{"line":7,"column":2},"end":{"line":7,"column":46}},"4":{"start":{"line":9,"column":2},"end":{"line":9,"column":15}}},"fnMap":{"0":{"name":"(anonymous_0)","decl":{"start":{"line":3,"column":20},"end":{"line":3,"column":21}},"loc":{"start":{"line":3,"column":61},"end":{"line":10,"column":1}},"line":3}},"branchMap":{"0":{"loc":{"start":{"line":6,"column":15},"end":{"line":6,"column":48}},"type":"binary-expr","locations":[{"start":{"line":6,"column":15},"end":{"line":6,"column":19}},{"start":{"line":6,"column":23},"end":{"line":6,"column":48}}],"line":6},"1":{"loc":{"start":{"line":7,"column":25},"end":{"line":7,"column":45}},"type":"binary-expr","locations":[{"start":{"line":7,"column":25},"end":{"line":7,"column":39}},{"start":{"line":7,"column":43},"end":{"line":7,"column":45}}],"line":7}},"s":{"0":2,"1":4,"2":4,"3":4,"4":4},"f":{"0":4},"b":{"0":[4,2],"1":[4,2]},"_coverageSchema":"1a1c01bbd47fc00a2c39e90264f33305004495a9","hash":"189f20be531d03c931c42f3c0958d732fbc68a5f"}
}
