TN:
SF:src/index.js
FNF:0
FNH:0
DA:3,0
DA:4,0
DA:6,0
LF:3
LH:0
BRF:0
BRH:0
end_of_record
TN:
SF:src/loadEnvironment.js
FNF:0
FNH:0
DA:3,0
LF:1
LH:0
BRF:0
BRH:0
end_of_record
TN:
SF:src/config/codes.js
FNF:0
FNH:0
DA:1,3
LF:1
LH:1
BRF:0
BRH:0
end_of_record
TN:
SF:src/config/environment.js
FNF:0
FNH:0
DA:1,0
LF:1
LH:0
BRDA:2,0,0,0
BRDA:2,0,1,0
BRF:2
BRH:0
end_of_record
TN:
SF:src/middlewares/endpointNotFound/endpointNotFound.js
FN:3,(anonymous_0)
FNF:1
FNH:1
FNDA:2,(anonymous_0)
DA:3,1
DA:4,2
LF:2
LH:2
BRF:0
BRH:0
end_of_record
TN:
SF:src/middlewares/generalError/generalError.js
FN:7,(anonymous_0)
FNF:1
FNH:1
FNDA:4,(anonymous_0)
DA:5,1
DA:7,1
DA:8,4
DA:9,4
DA:11,4
DA:13,4
LF:6
LH:6
BRDA:8,0,0,4
BRDA:8,0,1,2
BRDA:9,1,0,4
BRDA:9,1,1,3
BRF:4
BRH:4
end_of_record
TN:
SF:src/server/startServer.js
FN:11,(anonymous_0)
FN:12,(anonymous_1)
FN:16,(anonymous_2)
FNF:3
FNH:0
FNDA:0,(anonymous_0)
FNDA:0,(anonymous_1)
FNDA:0,(anonymous_2)
DA:7,0
DA:9,0
DA:11,0
DA:12,0
DA:13,0
DA:16,0
DA:17,0
LF:7
LH:0
BRF:0
BRH:0
end_of_record
TN:
SF:src/utils/CreateError/CreateError.js
FN:3,(anonymous_0)
FNF:1
FNH:1
FNDA:4,(anonymous_0)
DA:3,2
DA:4,4
DA:6,4
DA:7,4
DA:9,4
LF:5
LH:5
BRDA:6,0,0,4
BRDA:6,0,1,2
BRDA:7,1,0,4
BRDA:7,1,1,2
BRF:4
BRH:4
end_of_record
